# JRE version: Java(TM) SE Runtime Environment (8.0_181-b13) (build 1.8.0_181-b13)
# Java VM: Java HotSpot(TM) 64-Bit Server VM (25.181-b13 mixed mode windows-amd64 compressed oops)
Heap:
 PSYoungGen      total 199680K, used 72201K [0x00000000d5c00000, 0x00000000e3780000, 0x0000000100000000)
  eden space 182784K, 35% used [0x00000000d5c00000,0x00000000d9bcf2d8,0x00000000e0e80000)
  from space 16896K, 40% used [0x00000000e0e80000,0x00000000e1533190,0x00000000e1f00000)
  to   space 15360K, 0% used [0x00000000e1f00000,0x00000000e1f00000,0x00000000e2e00000)
 ParOldGen       total 60416K, used 22202K [0x0000000081400000, 0x0000000084f00000, 0x00000000d5c00000)
  object space 60416K, 36% used [0x0000000081400000,0x00000000829ae8d0,0x0000000084f00000)
 Metaspace       used 38572K, capacity 40464K, committed 40616K, reserved 1085440K
  class space    used 5323K, capacity 5688K, committed 5800K, reserved 1048576K
GC Heap History (10 events):
Event: 4.288 GC heap before
{Heap before GC invocations=9 (full 1):
 PSYoungGen      total 136704K, used 135226K [0x00000000d5c00000, 0x00000000dfb80000, 0x0000000100000000)
  eden space 127488K, 100% used [0x00000000d5c00000,0x00000000dd880000,0x00000000dd880000)
  from space 9216K, 83% used [0x00000000dd880000,0x00000000de00e978,0x00000000de180000)
  to   space 9728K, 0% used [0x00000000df200000,0x00000000df200000,0x00000000dfb80000)
 ParOldGen       total 60416K, used 7830K [0x0000000081400000, 0x0000000084f00000, 0x00000000d5c00000)
  object space 60416K, 12% used [0x0000000081400000,0x0000000081ba5ba0,0x0000000084f00000)
 Metaspace       used 28552K, capacity 29622K, committed 29824K, reserved 1077248K
  class space    used 3915K, capacity 4155K, committed 4224K, reserved 1048576K
Event: 4.299 GC heap after
Heap after GC invocations=9 (full 1):
 PSYoungGen      total 152064K, used 9711K [0x00000000d5c00000, 0x00000000e2780000, 0x0000000100000000)
  eden space 142336K, 0% used [0x00000000d5c00000,0x00000000d5c00000,0x00000000de700000)
  from space 9728K, 99% used [0x00000000df200000,0x00000000dfb7bf60,0x00000000dfb80000)
  to   space 11264K, 0% used [0x00000000de700000,0x00000000de700000,0x00000000df200000)
 ParOldGen       total 60416K, used 9072K [0x0000000081400000, 0x0000000084f00000, 0x00000000d5c00000)
  object space 60416K, 15% used [0x0000000081400000,0x0000000081cdc238,0x0000000084f00000)
 Metaspace       used 28552K, capacity 29622K, committed 29824K, reserved 1077248K
  class space    used 3915K, capacity 4155K, committed 4224K, reserved 1048576K
}
Event: 4.924 GC heap before
{Heap before GC invocations=10 (full 1):
 PSYoungGen      total 152064K, used 152047K [0x00000000d5c00000, 0x00000000e2780000, 0x0000000100000000)
  eden space 142336K, 100% used [0x00000000d5c00000,0x00000000de700000,0x00000000de700000)
  from space 9728K, 99% used [0x00000000df200000,0x00000000dfb7bf60,0x00000000dfb80000)
  to   space 11264K, 0% used [0x00000000de700000,0x00000000de700000,0x00000000df200000)
 ParOldGen       total 60416K, used 9072K [0x0000000081400000, 0x0000000084f00000, 0x00000000d5c00000)
  object space 60416K, 15% used [0x0000000081400000,0x0000000081cdc238,0x0000000084f00000)
 Metaspace       used 32631K, capacity 34076K, committed 34304K, reserved 1079296K
  class space    used 4456K, capacity 4744K, committed 4864K, reserved 1048576K
Event: 4.940 GC heap after
Heap after GC invocations=10 (full 1):
 PSYoungGen      total 153600K, used 11263K [0x00000000d5c00000, 0x00000000e2e00000, 0x0000000100000000)
  eden space 142336K, 0% used [0x00000000d5c00000,0x00000000d5c00000,0x00000000de700000)
  from space 11264K, 99% used [0x00000000de700000,0x00000000df1ffef8,0x00000000df200000)
  to   space 15360K, 0% used [0x00000000e1f00000,0x00000000e1f00000,0x00000000e2e00000)
 ParOldGen       total 60416K, used 15444K [0x0000000081400000, 0x0000000084f00000, 0x00000000d5c00000)
  object space 60416K, 25% used [0x0000000081400000,0x00000000823150e0,0x0000000084f00000)
 Metaspace       used 32631K, capacity 34076K, committed 34304K, reserved 1079296K
  class space    used 4456K, capacity 4744K, committed 4864K, reserved 1048576K
}
Event: 5.214 GC heap before
{Heap before GC invocations=11 (full 1):
 PSYoungGen      total 153600K, used 63606K [0x00000000d5c00000, 0x00000000e2e00000, 0x0000000100000000)
  eden space 142336K, 36% used [0x00000000d5c00000,0x00000000d8f1d9d0,0x00000000de700000)
  from space 11264K, 99% used [0x00000000de700000,0x00000000df1ffef8,0x00000000df200000)
  to   space 15360K, 0% used [0x00000000e1f00000,0x00000000e1f00000,0x00000000e2e00000)
 ParOldGen       total 60416K, used 15444K [0x0000000081400000, 0x0000000084f00000, 0x00000000d5c00000)
  object space 60416K, 25% used [0x0000000081400000,0x00000000823150e0,0x0000000084f00000)
 Metaspace       used 33753K, capacity 35412K, committed 35496K, reserved 1081344K
  class space    used 4661K, capacity 5002K, committed 5032K, reserved 1048576K
Event: 5.228 GC heap after
Heap after GC invocations=11 (full 1):
 PSYoungGen      total 198144K, used 13267K [0x00000000d5c00000, 0x00000000e3780000, 0x0000000100000000)
  eden space 182784K, 0% used [0x00000000d5c00000,0x00000000d5c00000,0x00000000e0e80000)
  from space 15360K, 86% used [0x00000000e1f00000,0x00000000e2bf4f08,0x00000000e2e00000)
  to   space 16896K, 0% used [0x00000000e0e80000,0x00000000e0e80000,0x00000000e1f00000)
 ParOldGen       total 60416K, used 15452K [0x0000000081400000, 0x0000000084f00000, 0x00000000d5c00000)
  object space 60416K, 25% used [0x0000000081400000,0x00000000823170e0,0x0000000084f00000)
 Metaspace       used 33753K, capacity 35412K, committed 35496K, reserved 1081344K
  class space    used 4661K, capacity 5002K, committed 5032K, reserved 1048576K
}
Event: 5.228 GC heap before
{Heap before GC invocations=12 (full 2):
 PSYoungGen      total 198144K, used 13267K [0x00000000d5c00000, 0x00000000e3780000, 0x0000000100000000)
  eden space 182784K, 0% used [0x00000000d5c00000,0x00000000d5c00000,0x00000000e0e80000)
  from space 15360K, 86% used [0x00000000e1f00000,0x00000000e2bf4f08,0x00000000e2e00000)
  to   space 16896K, 0% used [0x00000000e0e80000,0x00000000e0e80000,0x00000000e1f00000)
 ParOldGen       total 60416K, used 15452K [0x0000000081400000, 0x0000000084f00000, 0x00000000d5c00000)
  object space 60416K, 25% used [0x0000000081400000,0x00000000823170e0,0x0000000084f00000)
 Metaspace       used 33753K, capacity 35412K, committed 35496K, reserved 1081344K
  class space    used 4661K, capacity 5002K, committed 5032K, reserved 1048576K
Event: 5.300 GC heap after
Heap after GC invocations=12 (full 2):
 PSYoungGen      total 198144K, used 0K [0x00000000d5c00000, 0x00000000e3780000, 0x0000000100000000)
  eden space 182784K, 0% used [0x00000000d5c00000,0x00000000d5c00000,0x00000000e0e80000)
  from space 15360K, 0% used [0x00000000e1f00000,0x00000000e1f00000,0x00000000e2e00000)
  to   space 16896K, 0% used [0x00000000e0e80000,0x00000000e0e80000,0x00000000e1f00000)
 ParOldGen       total 60416K, used 22194K [0x0000000081400000, 0x0000000084f00000, 0x00000000d5c00000)
  object space 60416K, 36% used [0x0000000081400000,0x00000000829ac8d0,0x0000000084f00000)
 Metaspace       used 33753K, capacity 35412K, committed 35496K, reserved 1081344K
  class space    used 4661K, capacity 5002K, committed 5032K, reserved 1048576K
}
Event: 7.162 GC heap before
{Heap before GC invocations=13 (full 2):
 PSYoungGen      total 198144K, used 182784K [0x00000000d5c00000, 0x00000000e3780000, 0x0000000100000000)
  eden space 182784K, 100% used [0x00000000d5c00000,0x00000000e0e80000,0x00000000e0e80000)
  from space 15360K, 0% used [0x00000000e1f00000,0x00000000e1f00000,0x00000000e2e00000)
  to   space 16896K, 0% used [0x00000000e0e80000,0x00000000e0e80000,0x00000000e1f00000)
 ParOldGen       total 60416K, used 22194K [0x0000000081400000, 0x0000000084f00000, 0x00000000d5c00000)
  object space 60416K, 36% used [0x0000000081400000,0x00000000829ac8d0,0x0000000084f00000)
 Metaspace       used 37988K, capacity 39816K, committed 39976K, reserved 1085440K
  class space    used 5259K, capacity 5608K, committed 5672K, reserved 1048576K
Event: 7.170 GC heap after
Heap after GC invocations=13 (full 2):
 PSYoungGen      total 199680K, used 6860K [0x00000000d5c00000, 0x00000000e3780000, 0x0000000100000000)
  eden space 182784K, 0% used [0x00000000d5c00000,0x00000000d5c00000,0x00000000e0e80000)
  from space 16896K, 40% used [0x00000000e0e80000,0x00000000e1533190,0x00000000e1f00000)
  to   space 15360K, 0% used [0x00000000e1f00000,0x00000000e1f00000,0x00000000e2e00000)
 ParOldGen       total 60416K, used 22202K [0x0000000081400000, 0x0000000084f00000, 0x00000000d5c00000)
  object space 60416K, 36% used [0x0000000081400000,0x00000000829ae8d0,0x0000000084f00000)
 Metaspace       used 37988K, capacity 39816K, committed 39976K, reserved 1085440K
  class space    used 5259K, capacity 5608K, committed 5672K, reserved 1048576K
}

