# JRE version: Java(TM) SE Runtime Environment (8.0_181-b13) (build 1.8.0_181-b13)
# Java VM: Java HotSpot(TM) 64-Bit Server VM (25.181-b13 mixed mode windows-amd64 compressed oops)
Heap:
 PSYoungGen      total 261120K, used 29460K [0x00000000d5c00000, 0x00000000e6a80000, 0x0000000100000000)
  eden space 246272K, 11% used [0x00000000d5c00000,0x00000000d78c5000,0x00000000e4c80000)
  from space 14848K, 0% used [0x00000000e5b80000,0x00000000e5b80000,0x00000000e6a00000)
  to   space 15360K, 0% used [0x00000000e4c80000,0x00000000e4c80000,0x00000000e5b80000)
 ParOldGen       total 56320K, used 20718K [0x0000000081400000, 0x0000000084b00000, 0x00000000d5c00000)
  object space 56320K, 36% used [0x0000000081400000,0x000000008283b9c8,0x0000000084b00000)
 Metaspace       used 34225K, capacity 35948K, committed 36212K, reserved 1081344K
  class space    used 4706K, capacity 5024K, committed 5120K, reserved 1048576K
GC Heap History (10 events):
Event: 4.793 GC heap before
{Heap before GC invocations=8 (full 1):
 PSYoungGen      total 114688K, used 113608K [0x00000000d5c00000, 0x00000000dd680000, 0x0000000100000000)
  eden space 105984K, 100% used [0x00000000d5c00000,0x00000000dc380000,0x00000000dc380000)
  from space 8704K, 87% used [0x00000000dcc80000,0x00000000dd3f23d8,0x00000000dd500000)
  to   space 9216K, 0% used [0x00000000dc380000,0x00000000dc380000,0x00000000dcc80000)
 ParOldGen       total 56320K, used 7933K [0x0000000081400000, 0x0000000084b00000, 0x00000000d5c00000)
  object space 56320K, 14% used [0x0000000081400000,0x0000000081bbf480,0x0000000084b00000)
 Metaspace       used 29460K, capacity 30574K, committed 30720K, reserved 1075200K
  class space    used 3995K, capacity 4233K, committed 4352K, reserved 1048576K
Event: 4.803 GC heap after
Heap after GC invocations=8 (full 1):
 PSYoungGen      total 115200K, used 9189K [0x00000000d5c00000, 0x00000000e1300000, 0x0000000100000000)
  eden space 105984K, 0% used [0x00000000d5c00000,0x00000000d5c00000,0x00000000dc380000)
  from space 9216K, 99% used [0x00000000dc380000,0x00000000dcc79430,0x00000000dcc80000)
  to   space 10752K, 0% used [0x00000000e0880000,0x00000000e0880000,0x00000000e1300000)
 ParOldGen       total 56320K, used 9732K [0x0000000081400000, 0x0000000084b00000, 0x00000000d5c00000)
  object space 56320K, 17% used [0x0000000081400000,0x0000000081d812b0,0x0000000084b00000)
 Metaspace       used 29460K, capacity 30574K, committed 30720K, reserved 1075200K
  class space    used 3995K, capacity 4233K, committed 4352K, reserved 1048576K
}
Event: 5.864 GC heap before
{Heap before GC invocations=9 (full 1):
 PSYoungGen      total 115200K, used 115173K [0x00000000d5c00000, 0x00000000e1300000, 0x0000000100000000)
  eden space 105984K, 100% used [0x00000000d5c00000,0x00000000dc380000,0x00000000dc380000)
  from space 9216K, 99% used [0x00000000dc380000,0x00000000dcc79430,0x00000000dcc80000)
  to   space 10752K, 0% used [0x00000000e0880000,0x00000000e0880000,0x00000000e1300000)
 ParOldGen       total 56320K, used 9732K [0x0000000081400000, 0x0000000084b00000, 0x00000000d5c00000)
  object space 56320K, 17% used [0x0000000081400000,0x0000000081d812b0,0x0000000084b00000)
 Metaspace       used 33527K, capacity 35236K, committed 35456K, reserved 1079296K
  class space    used 4586K, capacity 4932K, committed 4992K, reserved 1048576K
Event: 5.884 GC heap after
Heap after GC invocations=9 (full 1):
 PSYoungGen      total 172544K, used 10721K [0x00000000d5c00000, 0x00000000e1a80000, 0x0000000100000000)
  eden space 161792K, 0% used [0x00000000d5c00000,0x00000000d5c00000,0x00000000dfa00000)
  from space 10752K, 99% used [0x00000000e0880000,0x00000000e12f86a0,0x00000000e1300000)
  to   space 14848K, 0% used [0x00000000dfa00000,0x00000000dfa00000,0x00000000e0880000)
 ParOldGen       total 56320K, used 16486K [0x0000000081400000, 0x0000000084b00000, 0x00000000d5c00000)
  object space 56320K, 29% used [0x0000000081400000,0x0000000082419b08,0x0000000084b00000)
 Metaspace       used 33527K, capacity 35236K, committed 35456K, reserved 1079296K
  class space    used 4586K, capacity 4932K, committed 4992K, reserved 1048576K
}
Event: 5.911 GC heap before
{Heap before GC invocations=10 (full 1):
 PSYoungGen      total 172544K, used 15318K [0x00000000d5c00000, 0x00000000e1a80000, 0x0000000100000000)
  eden space 161792K, 2% used [0x00000000d5c00000,0x00000000d607d1d8,0x00000000dfa00000)
  from space 10752K, 99% used [0x00000000e0880000,0x00000000e12f86a0,0x00000000e1300000)
  to   space 14848K, 0% used [0x00000000dfa00000,0x00000000dfa00000,0x00000000e0880000)
 ParOldGen       total 56320K, used 16486K [0x0000000081400000, 0x0000000084b00000, 0x00000000d5c00000)
  object space 56320K, 29% used [0x0000000081400000,0x0000000082419b08,0x0000000084b00000)
 Metaspace       used 33760K, capacity 35458K, committed 35712K, reserved 1079296K
  class space    used 4620K, capacity 4939K, committed 4992K, reserved 1048576K
Event: 5.929 GC heap after
Heap after GC invocations=10 (full 1):
 PSYoungGen      total 176640K, used 6616K [0x00000000d5c00000, 0x00000000e6a00000, 0x0000000100000000)
  eden space 161792K, 0% used [0x00000000d5c00000,0x00000000d5c00000,0x00000000dfa00000)
  from space 14848K, 44% used [0x00000000dfa00000,0x00000000e0076128,0x00000000e0880000)
  to   space 14848K, 0% used [0x00000000e5b80000,0x00000000e5b80000,0x00000000e6a00000)
 ParOldGen       total 56320K, used 20957K [0x0000000081400000, 0x0000000084b00000, 0x00000000d5c00000)
  object space 56320K, 37% used [0x0000000081400000,0x00000000828776d0,0x0000000084b00000)
 Metaspace       used 33760K, capacity 35458K, committed 35712K, reserved 1079296K
  class space    used 4620K, capacity 4939K, committed 4992K, reserved 1048576K
}
Event: 6.018 GC heap before
{Heap before GC invocations=11 (full 1):
 PSYoungGen      total 176640K, used 18923K [0x00000000d5c00000, 0x00000000e6a00000, 0x0000000100000000)
  eden space 161792K, 7% used [0x00000000d5c00000,0x00000000d6804c20,0x00000000dfa00000)
  from space 14848K, 44% used [0x00000000dfa00000,0x00000000e0076128,0x00000000e0880000)
  to   space 14848K, 0% used [0x00000000e5b80000,0x00000000e5b80000,0x00000000e6a00000)
 ParOldGen       total 56320K, used 20957K [0x0000000081400000, 0x0000000084b00000, 0x00000000d5c00000)
  object space 56320K, 37% used [0x0000000081400000,0x00000000828776d0,0x0000000084b00000)
 Metaspace       used 34058K, capacity 35776K, committed 35828K, reserved 1081344K
  class space    used 4673K, capacity 4990K, committed 4992K, reserved 1048576K
Event: 6.026 GC heap after
Heap after GC invocations=11 (full 1):
 PSYoungGen      total 261120K, used 832K [0x00000000d5c00000, 0x00000000e6a80000, 0x0000000100000000)
  eden space 246272K, 0% used [0x00000000d5c00000,0x00000000d5c00000,0x00000000e4c80000)
  from space 14848K, 5% used [0x00000000e5b80000,0x00000000e5c50000,0x00000000e6a00000)
  to   space 15360K, 0% used [0x00000000e4c80000,0x00000000e4c80000,0x00000000e5b80000)
 ParOldGen       total 56320K, used 27247K [0x0000000081400000, 0x0000000084b00000, 0x00000000d5c00000)
  object space 56320K, 48% used [0x0000000081400000,0x0000000082e9bfc0,0x0000000084b00000)
 Metaspace       used 34058K, capacity 35776K, committed 35828K, reserved 1081344K
  class space    used 4673K, capacity 4990K, committed 4992K, reserved 1048576K
}
Event: 6.026 GC heap before
{Heap before GC invocations=12 (full 2):
 PSYoungGen      total 261120K, used 832K [0x00000000d5c00000, 0x00000000e6a80000, 0x0000000100000000)
  eden space 246272K, 0% used [0x00000000d5c00000,0x00000000d5c00000,0x00000000e4c80000)
  from space 14848K, 5% used [0x00000000e5b80000,0x00000000e5c50000,0x00000000e6a00000)
  to   space 15360K, 0% used [0x00000000e4c80000,0x00000000e4c80000,0x00000000e5b80000)
 ParOldGen       total 56320K, used 27247K [0x0000000081400000, 0x0000000084b00000, 0x00000000d5c00000)
  object space 56320K, 48% used [0x0000000081400000,0x0000000082e9bfc0,0x0000000084b00000)
 Metaspace       used 34058K, capacity 35776K, committed 35828K, reserved 1081344K
  class space    used 4673K, capacity 4990K, committed 4992K, reserved 1048576K
Event: 6.120 GC heap after
Heap after GC invocations=12 (full 2):
 PSYoungGen      total 261120K, used 0K [0x00000000d5c00000, 0x00000000e6a80000, 0x0000000100000000)
  eden space 246272K, 0% used [0x00000000d5c00000,0x00000000d5c00000,0x00000000e4c80000)
  from space 14848K, 0% used [0x00000000e5b80000,0x00000000e5b80000,0x00000000e6a00000)
  to   space 15360K, 0% used [0x00000000e4c80000,0x00000000e4c80000,0x00000000e5b80000)
 ParOldGen       total 56320K, used 20718K [0x0000000081400000, 0x0000000084b00000, 0x00000000d5c00000)
  object space 56320K, 36% used [0x0000000081400000,0x000000008283b9c8,0x0000000084b00000)
 Metaspace       used 34058K, capacity 35776K, committed 35828K, reserved 1081344K
  class space    used 4673K, capacity 4990K, committed 4992K, reserved 1048576K
}

